0: Computation init:  377.245 s
0: iteration nr. 1: shrinkA.size: 0
0: iteration nr. 2: shrinkA.size: 8
0: iteration nr. 3: shrinkA.size: 8
0: iteration nr. 4: shrinkA.size: 6
0: iteration nr. 5: shrinkA.size: 4
0: iteration nr. 6: shrinkA.size: 1
 0: state size:		24
 0: appendix size:	56
 0: states generated:	185
 0: hashtable size:	65536
 0: get_succs called:	633
 0: trans. relaxed:	1392
 0: all memory used:	95.5273 MB
 0: Computation done:	1557.32 s
 0: --------------------
 0: Accepting cycle:	NO
 0: Number of iterations:	6
============ distr_map DONE ============

Removing file examples/tcbb2010/tcbb1.bio.prop1.bio
==================================================
-------- NewBioDiVinE successfully finish --------
==================================================

